
Rebuilding...
CssSyntaxError: tailwindcss: C:\Users\leoxe\OneDrive\Desktop\genz finance\src\index.css:67:5: The `duration-400` class does not exist. If `duration-400` is a custom class, make sure it is defined within a `@layer` directive.
    at Input.error (C:\Users\leoxe\OneDrive\Desktop\genz finance\node_modules\postcss\lib\input.js:135:16)
    at AtRule.error (C:\Users\leoxe\OneDrive\Desktop\genz finance\node_modules\postcss\lib\node.js:146:32)
    at processApply (C:\Users\leoxe\OneDrive\Desktop\genz finance\node_modules\tailwindcss\lib\lib\expandApplyAtRules.js:380:29)
    at C:\Users\leoxe\OneDrive\Desktop\genz finance\node_modules\tailwindcss\lib\lib\expandApplyAtRules.js:551:9
    at C:\Users\leoxe\OneDrive\Desktop\genz finance\node_modules\tailwindcss\lib\processTailwindFeatures.js:55:50
    at async Object.Once (C:\Users\leoxe\OneDrive\Desktop\genz finance\node_modules\tailwindcss\lib\cli\build\plugin.js:248:17)
    at async LazyResult.runAsync (C:\Users\leoxe\OneDrive\Desktop\genz finance\node_modules\postcss\lib\lazy-result.js:293:11)
    at async build (C:\Users\leoxe\OneDrive\Desktop\genz finance\node_modules\tailwindcss\lib\cli\build\index.js:49:9) {
  reason: 'The `duration-400` class does not exist. If `duration-400` is a custom class, make sure it is defined within a `@layer` directive.',
  file: 'C:\\Users\\leoxe\\OneDrive\\Desktop\\genz finance\\src\\index.css',
  source: '@tailwind base;\r\n' +
    '@tailwind components;\r\n' +
    '@tailwind utilities;\r\n' +
    '\r\n' +
    '@layer base {\r\n' +
    '  :root {\r\n' +
    '    --primary: #4f46e5;\r\n' +
    '    --primary-hover: #4338ca;\r\n' +
    '    --background: #f9fafb;\r\n' +
    '    --text-primary: #111827;\r\n' +
    '    --text-secondary: #6b7280;\r\n' +
    '    --surface: #ffffff;\r\n' +
    '    --surface-muted: #f3f4f6;\r\n' +
    '    --border: #e5e7eb;\r\n' +
    '    --border-subtle: #f3f4f6;\r\n' +
    '    /* High-contrast black/slate-900 */\r\n' +
    '\r\n' +
    '    /* Figma Precision Elevation L0-L4 */\r\n' +
    '    --shadow-l0: 0 0 0 0 rgba(0, 0, 0, 0);\r\n' +
    '    --shadow-l1: 0 1px 3px 0 rgba(0, 0, 0, 0.05), 0 1px 2px -1px rgba(0, 0, 0, 0.05);\r\n' +
    '    --shadow-l2: 0 10px 15px -3px rgba(0, 0, 0, 0.05), 0 4px 6px -4px rgba(0, 0, 0, 0.05);\r\n' +
    '    --shadow-l3: 0 20px 25px -5px rgba(0, 0, 0, 0.08), 0 8px 10px -6px rgba(0, 0, 0, 0.08);\r\n' +
    '    --shadow-l4: 0 25px 50px -12px rgba(0, 0, 0, 0.15);\r\n' +
    '  }\r\n' +
    '\r\n' +
    '  .dark {\r\n' +
    '    --primary: #3B82F6;\r\n' +
    '    --primary-hover: #2563EB;\r\n' +
    '    --background: #0D1117;\r\n' +
    '    --surface: rgba(255, 255, 255, 0.03);\r\n' +
    '    --surface-muted: rgba(255, 255, 255, 0.05);\r\n' +
    '    --text-primary: #E5E7EB;\r\n' +
    '    --text-secondary: #9CA3AF;\r\n' +
    '    --border: rgba(255, 255, 255, 0.08);\r\n' +
    '    --border-subtle: rgba(255, 255, 255, 0.04);\r\n' +
    '  }\r\n' +
    '\r\n' +
    '  ::selection {\r\n' +
    '    background-color: #dbeafe;\r\n' +
    '    /* blue-100 */\r\n' +
    '    color: #1e3a8a;\r\n' +
    '    /* blue-900 */\r\n' +
    '  }\r\n' +
    '\r\n' +
    '  body {\r\n' +
    '    @apply bg-[var(--background)] text-[var(--text-primary)] antialiased overflow-x-hidden;\r\n' +
    "    font-family: 'Outfit', 'Inter', sans-serif;\r\n" +
    '    letter-spacing: -0.01em;\r\n' +
    '  }\r\n' +
    '}\r\n' +
    '\r\n' +
    '@layer components {\r\n' +
    '\r\n' +
    '  /* MacOS Glassmorphism Component Refinements */\r\n' +
    '  .card-premium {\r\n' +
    '    @apply bg-[var(--surface)] border border-[var(--border)] rounded-[18px] transition-all duration-300 hover:-translate-y-1 relative overflow-hidden backdrop-blur-[20px];\r\n' +
    '    box-shadow: 0 4px 20px rgba(0, 0, 0, 0.2);\r\n' +
    '  }\r\n' +
    '\r\n' +
    '  .dark .card-premium {\r\n' +
    '    box-shadow: 0 20px 60px rgba(0, 0, 0, 0.6);\r\n' +
    '  }\r\n' +
    '\r\n' +
    '  /* Soft Top Highlight for Glass */\r\n' +
    '  .card-premium::before {\r\n' +
    "    content: '';\r\n" +
    '    @apply absolute inset-x-0 top-0 h-[1px] bg-gradient-to-r from-transparent via-white/10 to-transparent opacity-0 transition-opacity duration-400;\r\n' +
    '  }\r\n' +
    '\r\n' +
    '  .card-premium:hover::before {\r\n' +
    '    @apply opacity-100;\r\n' +
    '  }\r\n' +
    '\r\n' +
    '  .card-premium:hover {\r\n' +
    '    box-shadow: 0 25px 65px rgba(0, 0, 0, 0.7);\r\n' +
    '    border-color: rgba(255, 255, 255, 0.12);\r\n' +
    '  }\r\n' +
    '\r\n' +
    '  .border-premium {\r\n' +
    '    border: 1px solid var(--border);\r\n' +
    '  }\r\n' +
    '\r\n' +
    '  .btn-ultra {\r\n' +
    '    position: relative;\r\n' +
    '    overflow: hidden;\r\n' +
    '    padding: 1rem 2rem;\r\n' +
    '    border-radius: 12px;\r\n' +
    '    font-weight: 700;\r\n' +
    '    transition: all 0.3s;\r\n' +
    '    display: flex;\r\n' +
    '    align-items: center;\r\n' +
    '    justify-content: center;\r\n' +
    '    gap: 0.5rem;\r\n' +
    '  }\r\n' +
    '\r\n' +
    '  .btn-ultra:active {\r\n' +
    '    transform: scale(0.98);\r\n' +
    '  }\r\n' +
    '\r\n' +
    '  .btn-primary-ultra {\r\n' +
    '    background: linear-gradient(to right, #3b82f6, #2563eb);\r\n' +
    '    color: white;\r\n' +
    '    box-shadow: 0 10px 15px -3px rgba(0, 0, 0, 0.1), 0 4px 6px -4px rgba(0, 0, 0, 0.1);\r\n' +
    '  }\r\n' +
    '\r\n' +
    '  .btn-primary-ultra:hover {\r\n' +
    '    box-shadow: 0 10px 15px -3px rgba(59, 130, 246, 0.25), 0 4px 6px -4px rgba(59, 130, 246, 0.25);\r\n' +
    '    transform: translateY(-2px);\r\n' +
    '  }\r\n' +
    '\r\n' +
    '  .btn-secondary-ultra {\r\n' +
    '    background-color: rgba(255, 255, 255, 0.05);\r\n' +
    '    border: 1px solid rgba(255, 255, 255, 0.1);\r\n' +
    '    color: var(--text-primary);\r\n' +
    '    backdrop-filter: blur(12px);\r\n' +
    '  }\r\n' +
    '\r\n' +
    '  .btn-secondary-ultra:hover {\r\n' +
    '    background-color: rgba(255, 255, 255, 0.1);\r\n' +
    '  }\r\n' +
    '\r\n' +
    '  /* Micro-Motion Utilities */\r\n' +
    '  .animate-float {\r\n' +
    '    animation: float 6s ease-in-out infinite;\r\n' +
    '  }\r\n' +
    '\r\n' +
    '  @keyframes float {\r\n' +
    '\r\n' +
    '    0%,\r\n' +
    '    100% {\r\n' +
    '      transform: translateY(0);\r\n' +
    '    }\r\n' +
    '\r\n' +
    '    50% {\r\n' +
    '      transform: translateY(-10px);\r\n' +
    '    }\r\n' +
    '  }\r\n' +
    '\r\n' +
    '  .magnetic-area {\r\n' +
    '    transition: transform 0.3s ease-out;\r\n' +
    '  }\r\n' +
    '}\r\n' +
    '\r\n' +
    '/* Chrome-style scrollbar */\r\n' +
    '::-webkit-scrollbar {\r\n' +
    '  width: 8px;\r\n' +
    '}\r\n' +
    '\r\n' +
    '::-webkit-scrollbar-track {\r\n' +
    '  background-color: transparent;\r\n' +
    '}\r\n' +
    '\r\n' +
    '::-webkit-scrollbar-thumb {\r\n' +
    '  background-color: #e2e8f0;\r\n' +
    '  border-radius: 9999px;\r\n' +
    '  transition: background-color 0.2s;\r\n' +
    '}\r\n' +
    '\r\n' +
    '::-webkit-scrollbar-thumb:hover {\r\n' +
    '  background-color: #cbd5e1;\r\n' +
    '}',
  line: 67,
  column: 5,
  endLine: 67,
  endColumn: 149,
  input: {
    column: 5,
    endColumn: 149,
    endLine: 67,
    endOffset: 2102,
    line: 67,
    offset: 1958,
    source: '@tailwind base;\r\n' +
      '@tailwind components;\r\n' +
      '@tailwind utilities;\r\n' +
      '\r\n' +
      '@layer base {\r\n' +
      '  :root {\r\n' +
      '    --primary: #4f46e5;\r\n' +
      '    --primary-hover: #4338ca;\r\n' +
      '    --background: #f9fafb;\r\n' +
      '    --text-primary: #111827;\r\n' +
      '    --text-secondary: #6b7280;\r\n' +
      '    --surface: #ffffff;\r\n' +
      '    --surface-muted: #f3f4f6;\r\n' +
      '    --border: #e5e7eb;\r\n' +
      '    --border-subtle: #f3f4f6;\r\n' +
      '    /* High-contrast black/slate-900 */\r\n' +
      '\r\n' +
      '    /* Figma Precision Elevation L0-L4 */\r\n' +
      '    --shadow-l0: 0 0 0 0 rgba(0, 0, 0, 0);\r\n' +
      '    --shadow-l1: 0 1px 3px 0 rgba(0, 0, 0, 0.05), 0 1px 2px -1px rgba(0, 0, 0, 0.05);\r\n' +
      '    --shadow-l2: 0 10px 15px -3px rgba(0, 0, 0, 0.05), 0 4px 6px -4px rgba(0, 0, 0, 0.05);\r\n' +
      '    --shadow-l3: 0 20px 25px -5px rgba(0, 0, 0, 0.08), 0 8px 10px -6px rgba(0, 0, 0, 0.08);\r\n' +
      '    --shadow-l4: 0 25px 50px -12px rgba(0, 0, 0, 0.15);\r\n' +
      '  }\r\n' +
      '\r\n' +
      '  .dark {\r\n' +
      '    --primary: #3B82F6;\r\n' +
      '    --primary-hover: #2563EB;\r\n' +
      '    --background: #0D1117;\r\n' +
      '    --surface: rgba(255, 255, 255, 0.03);\r\n' +
      '    --surface-muted: rgba(255, 255, 255, 0.05);\r\n' +
      '    --text-primary: #E5E7EB;\r\n' +
      '    --text-secondary: #9CA3AF;\r\n' +
      '    --border: rgba(255, 255, 255, 0.08);\r\n' +
      '    --border-subtle: rgba(255, 255, 255, 0.04);\r\n' +
      '  }\r\n' +
      '\r\n' +
      '  ::selection {\r\n' +
      '    background-color: #dbeafe;\r\n' +
      '    /* blue-100 */\r\n' +
      '    color: #1e3a8a;\r\n' +
      '    /* blue-900 */\r\n' +
      '  }\r\n' +
      '\r\n' +
      '  body {\r\n' +
      '    @apply bg-[var(--background)] text-[var(--text-primary)] antialiased overflow-x-hidden;\r\n' +
      "    font-family: 'Outfit', 'Inter', sans-serif;\r\n" +
      '    letter-spacing: -0.01em;\r\n' +
      '  }\r\n' +
      '}\r\n' +
      '\r\n' +
      '@layer components {\r\n' +
      '\r\n' +
      '  /* MacOS Glassmorphism Component Refinements */\r\n' +
      '  .card-premium {\r\n' +
      '    @apply bg-[var(--surface)] border border-[var(--border)] rounded-[18px] transition-all duration-300 hover:-translate-y-1 relative overflow-hidden backdrop-blur-[20px];\r\n' +
      '    box-shadow: 0 4px 20px rgba(0, 0, 0, 0.2);\r\n' +
      '  }\r\n' +
      '\r\n' +
      '  .dark .card-premium {\r\n' +
      '    box-shadow: 0 20px 60px rgba(0, 0, 0, 0.6);\r\n' +
      '  }\r\n' +
      '\r\n' +
      '  /* Soft Top Highlight for Glass */\r\n' +
      '  .card-premium::before {\r\n' +
      "    content: '';\r\n" +
      '    @apply absolute inset-x-0 top-0 h-[1px] bg-gradient-to-r from-transparent via-white/10 to-transparent opacity-0 transition-opacity duration-400;\r\n' +
      '  }\r\n' +
      '\r\n' +
      '  .card-premium:hover::before {\r\n' +
      '    @apply opacity-100;\r\n' +
      '  }\r\n' +
      '\r\n' +
      '  .card-premium:hover {\r\n' +
      '    box-shadow: 0 25px 65px rgba(0, 0, 0, 0.7);\r\n' +
      '    border-color: rgba(255, 255, 255, 0.12);\r\n' +
      '  }\r\n' +
      '\r\n' +
      '  .border-premium {\r\n' +
      '    border: 1px solid var(--border);\r\n' +
      '  }\r\n' +
      '\r\n' +
      '  .btn-ultra {\r\n' +
      '    position: relative;\r\n' +
      '    overflow: hidden;\r\n' +
      '    padding: 1rem 2rem;\r\n' +
      '    border-radius: 12px;\r\n' +
      '    font-weight: 700;\r\n' +
      '    transition: all 0.3s;\r\n' +
      '    display: flex;\r\n' +
      '    align-items: center;\r\n' +
      '    justify-content: center;\r\n' +
      '    gap: 0.5rem;\r\n' +
      '  }\r\n' +
      '\r\n' +
      '  .btn-ultra:active {\r\n' +
      '    transform: scale(0.98);\r\n' +
      '  }\r\n' +
      '\r\n' +
      '  .btn-primary-ultra {\r\n' +
      '    background: linear-gradient(to right, #3b82f6, #2563eb);\r\n' +
      '    color: white;\r\n' +
      '    box-shadow: 0 10px 15px -3px rgba(0, 0, 0, 0.1), 0 4px 6px -4px rgba(0, 0, 0, 0.1);\r\n' +
      '  }\r\n' +
      '\r\n' +
      '  .btn-primary-ultra:hover {\r\n' +
      '    box-shadow: 0 10px 15px -3px rgba(59, 130, 246, 0.25), 0 4px 6px -4px rgba(59, 130, 246, 0.25);\r\n' +
      '    transform: translateY(-2px);\r\n' +
      '  }\r\n' +
      '\r\n' +
      '  .btn-secondary-ultra {\r\n' +
      '    background-color: rgba(255, 255, 255, 0.05);\r\n' +
      '    border: 1px solid rgba(255, 255, 255, 0.1);\r\n' +
      '    color: var(--text-primary);\r\n' +
      '    backdrop-filter: blur(12px);\r\n' +
      '  }\r\n' +
      '\r\n' +
      '  .btn-secondary-ultra:hover {\r\n' +
      '    background-color: rgba(255, 255, 255, 0.1);\r\n' +
      '  }\r\n' +
      '\r\n' +
      '  /* Micro-Motion Utilities */\r\n' +
      '  .animate-float {\r\n' +
      '    animation: float 6s ease-in-out infinite;\r\n' +
      '  }\r\n' +
      '\r\n' +
      '  @keyframes float {\r\n' +
      '\r\n' +
      '    0%,\r\n' +
      '    100% {\r\n' +
      '      transform: translateY(0);\r\n' +
      '    }\r\n' +
      '\r\n' +
      '    50% {\r\n' +
      '      transform: translateY(-10px);\r\n' +
      '    }\r\n' +
      '  }\r\n' +
      '\r\n' +
      '  .magnetic-area {\r\n' +
      '    transition: transform 0.3s ease-out;\r\n' +
      '  }\r\n' +
      '}\r\n' +
      '\r\n' +
      '/* Chrome-style scrollbar */\r\n' +
      '::-webkit-scrollbar {\r\n' +
      '  width: 8px;\r\n' +
      '}\r\n' +
      '\r\n' +
      '::-webkit-scrollbar-track {\r\n' +
      '  background-color: transparent;\r\n' +
      '}\r\n' +
      '\r\n' +
      '::-webkit-scrollbar-thumb {\r\n' +
      '  background-color: #e2e8f0;\r\n' +
      '  border-radius: 9999px;\r\n' +
      '  transition: background-color 0.2s;\r\n' +
      '}\r\n' +
      '\r\n' +
      '::-webkit-scrollbar-thumb:hover {\r\n' +
      '  background-color: #cbd5e1;\r\n' +
      '}',
    url: 'file:///C:/Users/leoxe/OneDrive/Desktop/genz%20finance/src/index.css',
    file: 'C:\\Users\\leoxe\\OneDrive\\Desktop\\genz finance\\src\\index.css'
  },
  plugin: 'tailwindcss'
}
